<?xml version="1.0" encoding="utf-8"?><testsuites><testsuite errors="0" failures="1" hostname="DESKTOP-6AA63HT" name="pytest" skipped="0" tests="2" time="0.067" timestamp="2020-01-05T20:08:09.866284"><testcase classname="test_Polygon" file="test_Polygon.py" line="7" name="test_file1_method1" time="0.001"></testcase><testcase classname="test_Polygon" file="test_Polygon.py" line="13" name="test_square" time="0.001"><failure message="NameError: name &apos;poly&apos; is not defined">def test_square():
&gt;       sq=poly.Square(10)
E       NameError: name &apos;poly&apos; is not defined

test_Polygon.py:15: NameError</failure></testcase></testsuite></testsuites>